[int:(-1, -1)]
[identifier:(0, 0)]
[;:(-1, -1)]
[identifier:(0, 0)]
[=:(-1, -1)]
[readInt:(-1, -1)]
[(:(-1, -1)]
[):(-1, -1)]
[;:(-1, -1)]
[int:(-1, -1)]
[identifier:(1, 0)]
[;:(-1, -1)]
[identifier:(1, 0)]
[=:(-1, -1)]
[readInt:(-1, -1)]
[(:(-1, -1)]
[):(-1, -1)]
[;:(-1, -1)]
[int:(-1, -1)]
[identifier:(2, 0)]
[;:(-1, -1)]
[identifier:(2, 0)]
[=:(-1, -1)]
[readInt:(-1, -1)]
[(:(-1, -1)]
[):(-1, -1)]
[;:(-1, -1)]
[if:(-1, -1)]
[(:(-1, -1)]
[identifier:(0, 0)]
[<=:(-1, -1)]
[identifier:(1, 0)]
[):(-1, -1)]
[{:(-1, -1)]
[if:(-1, -1)]
[(:(-1, -1)]
[identifier:(0, 0)]
[<=:(-1, -1)]
[identifier:(2, 0)]
[):(-1, -1)]
[{:(-1, -1)]
[print:(-1, -1)]
[(:(-1, -1)]
[identifier:(0, 0)]
[):(-1, -1)]
[;:(-1, -1)]
[}:(-1, -1)]
[else:(-1, -1)]
[{:(-1, -1)]
[print:(-1, -1)]
[(:(-1, -1)]
[identifier:(2, 0)]
[):(-1, -1)]
[;:(-1, -1)]
[}:(-1, -1)]
[}:(-1, -1)]
[else:(-1, -1)]
[{:(-1, -1)]
[if:(-1, -1)]
[(:(-1, -1)]
[identifier:(1, 0)]
[<=:(-1, -1)]
[identifier:(2, 0)]
[):(-1, -1)]
[{:(-1, -1)]
[print:(-1, -1)]
[(:(-1, -1)]
[identifier:(1, 0)]
[):(-1, -1)]
[;:(-1, -1)]
[}:(-1, -1)]
[else:(-1, -1)]
[{:(-1, -1)]
[print:(-1, -1)]
[(:(-1, -1)]
[identifier:(2, 0)]
[):(-1, -1)]
[;:(-1, -1)]
[}:(-1, -1)]
[}:(-1, -1)]