[int:(-1, -1)]
[identifier:(13, 0)]
[;:(-1, -1)]
[identifier:(13, 0)]
[=:(-1, -1)]
[readInt:(-1, -1)]
[(:(-1, -1)]
[):(-1, -1)]
[;:(-1, -1)]
[if:(-1, -1)]
[(:(-1, -1)]
[identifier:(13, 0)]
[==:(-1, -1)]
[constant:(2, 0)]
[):(-1, -1)]
[{:(-1, -1)]
[print:(-1, -1)]
[(:(-1, -1)]
[constant:(16, 0)]
[):(-1, -1)]
[;:(-1, -1)]
[}:(-1, -1)]
[if:(-1, -1)]
[(:(-1, -1)]
[identifier:(13, 0)]
[==:(-1, -1)]
[constant:(3, 0)]
[):(-1, -1)]
[{:(-1, -1)]
[print:(-1, -1)]
[(:(-1, -1)]
[constant:(16, 0)]
[):(-1, -1)]
[;:(-1, -1)]
[}:(-1, -1)]
[if:(-1, -1)]
[(:(-1, -1)]
[identifier:(13, 0)]
[==:(-1, -1)]
[constant:(4, 0)]
[):(-1, -1)]
[{:(-1, -1)]
[print:(-1, -1)]
[(:(-1, -1)]
[constant:(4, 1)]
[):(-1, -1)]
[;:(-1, -1)]
[}:(-1, -1)]
[int:(-1, -1)]
[identifier:(3, 0)]
[=:(-1, -1)]
[constant:(4, 0)]
[;:(-1, -1)]
[int:(-1, -1)]
[identifier:(5, 0)]
[=:(-1, -1)]
[constant:(2, 0)]
[;:(-1, -1)]
[while:(-1, -1)]
[(:(-1, -1)]
[identifier:(3, 0)]
[<:(-1, -1)]
[identifier:(13, 0)]
[):(-1, -1)]
[{:(-1, -1)]
[if:(-1, -1)]
[(:(-1, -1)]
[identifier:(5, 0)]
[!=:(-1, -1)]
[constant:(2, 0)]
[):(-1, -1)]
[{:(-1, -1)]
[identifier:(3, 0)]
[=:(-1, -1)]
[identifier:(13, 0)]
[;:(-1, -1)]
[}:(-1, -1)]
[else:(-1, -1)]
[{:(-1, -1)]
[if:(-1, -1)]
[(:(-1, -1)]
[identifier:(13, 0)]
[%:(-1, -1)]
[constant:(4, 0)]
[==:(-1, -1)]
[constant:(2, 0)]
[):(-1, -1)]
[{:(-1, -1)]
[print:(-1, -1)]
[(:(-1, -1)]
[constant:(16, 0)]
[):(-1, -1)]
[;:(-1, -1)]
[identifier:(5, 0)]
[=:(-1, -1)]
[constant:(3, 0)]
[;:(-1, -1)]
[}:(-1, -1)]
[identifier:(3, 0)]
[=:(-1, -1)]
[identifier:(3, 0)]
[+:(-1, -1)]
[constant:(3, 0)]
[;:(-1, -1)]
[}:(-1, -1)]
[}:(-1, -1)]
[if:(-1, -1)]
[(:(-1, -1)]
[identifier:(5, 0)]
[==:(-1, -1)]
[constant:(2, 0)]
[):(-1, -1)]
[{:(-1, -1)]
[print:(-1, -1)]
[(:(-1, -1)]
[constant:(4, 1)]
[):(-1, -1)]
[;:(-1, -1)]
[}:(-1, -1)]